<?xml version="1.0" encoding="UTF-8"?>
<testng-results ignored="0" total="1" passed="1" failed="0" skipped="0">
  <reporter-output>
  </reporter-output>
  <suite started-at="2023-02-13T16:46:08 EST" name="Default suite" finished-at="2023-02-13T16:46:14 EST" duration-ms="5751">
    <groups>
    </groups>
    <test started-at="2023-02-13T16:46:08 EST" name="Default test" finished-at="2023-02-13T16:46:14 EST" duration-ms="5751">
      <class name="com.SeleniumPractice2023.VerifyTestNG">
        <test-method is-config="true" signature="SetUp()[pri:0, instance:com.SeleniumPractice2023.VerifyTestNG@1dde4cb2]" started-at="2023-02-13T16:46:08 EST" name="SetUp" finished-at="2023-02-13T16:46:11 EST" duration-ms="2288" status="PASS">
          <reporter-output>
          </reporter-output>
        </test-method> <!-- SetUp -->
        <test-method signature="googleSearch()[pri:0, instance:com.SeleniumPractice2023.VerifyTestNG@1dde4cb2]" started-at="2023-02-13T16:46:11 EST" name="googleSearch" finished-at="2023-02-13T16:46:14 EST" duration-ms="3303" status="PASS">
          <reporter-output>
          </reporter-output>
        </test-method> <!-- googleSearch -->
        <test-method is-config="true" signature="tearDown()[pri:0, instance:com.SeleniumPractice2023.VerifyTestNG@1dde4cb2]" started-at="2023-02-13T16:46:14 EST" name="tearDown" finished-at="2023-02-13T16:46:14 EST" duration-ms="136" status="PASS">
          <reporter-output>
          </reporter-output>
        </test-method> <!-- tearDown -->
      </class> <!-- com.SeleniumPractice2023.VerifyTestNG -->
    </test> <!-- Default test -->
  </suite> <!-- Default suite -->
</testng-results>
